[2016-03-04 17:49:47] testing.ERROR: exception 'Symfony\Component\Debug\Exception\FatalErrorException' with message 'Class 'App\Providers\AppServiceProvider' not found' in /Users/xpundel/Developing/Projects/Web/amberhouse/vendor/xpundel/facepalm/vendor/laravel/framework/src/Illuminate/Foundation/ProviderRepository.php:146
Stack trace:
#0 /Users/xpundel/Developing/Projects/Web/amberhouse/vendor/xpundel/facepalm/vendor/laravel/framework/src/Illuminate/Foundation/Bootstrap/HandleExceptions.php(133): Symfony\Component\Debug\Exception\FatalErrorException->__construct()
#1 /Users/xpundel/Developing/Projects/Web/amberhouse/vendor/xpundel/facepalm/vendor/laravel/framework/src/Illuminate/Foundation/Bootstrap/HandleExceptions.php(118): Illuminate\Foundation\Bootstrap\HandleExceptions->fatalExceptionFromError()
#2 /Users/xpundel/Developing/Projects/Web/amberhouse/vendor/xpundel/facepalm/vendor/laravel/framework/src/Illuminate/Foundation/Bootstrap/HandleExceptions.php(0): Illuminate\Foundation\Bootstrap\HandleExceptions->handleShutdown()
#3 /Users/xpundel/Developing/Projects/Web/amberhouse/vendor/xpundel/facepalm/vendor/laravel/framework/src/Illuminate/Foundation/ProviderRepository.php(114): Illuminate\Foundation\ProviderRepository->createProvider()
#4 /Users/xpundel/Developing/Projects/Web/amberhouse/vendor/xpundel/facepalm/vendor/laravel/framework/src/Illuminate/Foundation/ProviderRepository.php(60): Illuminate\Foundation\ProviderRepository->compileManifest()
#5 /Users/xpundel/Developing/Projects/Web/amberhouse/vendor/xpundel/facepalm/vendor/laravel/framework/src/Illuminate/Foundation/Application.php(507): Illuminate\Foundation\ProviderRepository->load()
#6 /Users/xpundel/Developing/Projects/Web/amberhouse/vendor/xpundel/facepalm/vendor/laravel/framework/src/Illuminate/Foundation/Bootstrap/RegisterProviders.php(17): Illuminate\Foundation\Application->registerConfiguredProviders()
#7 /Users/xpundel/Developing/Projects/Web/amberhouse/vendor/xpundel/facepalm/vendor/laravel/framework/src/Illuminate/Foundation/Application.php(203): Illuminate\Foundation\Bootstrap\RegisterProviders->bootstrap()
#8 /Users/xpundel/Developing/Projects/Web/amberhouse/vendor/xpundel/facepalm/vendor/laravel/framework/src/Illuminate/Foundation/Console/Kernel.php(208): Illuminate\Foundation\Application->bootstrapWith()
#9 /Users/xpundel/Developing/Projects/Web/amberhouse/vendor/xpundel/facepalm/tests/TestCase.php(52): Illuminate\Foundation\Console\Kernel->bootstrap()
#10 /Users/xpundel/Developing/Projects/Web/amberhouse/vendor/xpundel/facepalm/vendor/laravel/framework/src/Illuminate/Foundation/Testing/ApplicationTrait.php(34): Facepalm\Tests\TestCase->createApplication()
#11 /Users/xpundel/Developing/Projects/Web/amberhouse/vendor/xpundel/facepalm/vendor/laravel/framework/src/Illuminate/Foundation/Testing/TestCase.php(36): Illuminate\Foundation\Testing\TestCase->refreshApplication()
#12 /Users/xpundel/Developing/Projects/Web/amberhouse/vendor/xpundel/facepalm/vendor/phpunit/phpunit/src/Framework/TestCase.php(764): Illuminate\Foundation\Testing\TestCase->setUp()
#13 /Users/xpundel/Developing/Projects/Web/amberhouse/vendor/xpundel/facepalm/vendor/phpunit/phpunit/src/Framework/TestResult.php(612): PHPUnit_Framework_TestCase->runBare()
#14 /Users/xpundel/Developing/Projects/Web/amberhouse/vendor/xpundel/facepalm/vendor/phpunit/phpunit/src/Framework/TestCase.php(724): PHPUnit_Framework_TestResult->run()
#15 /Users/xpundel/Developing/Projects/Web/amberhouse/vendor/xpundel/facepalm/vendor/phpunit/phpunit/src/Framework/TestSuite.php(747): PHPUnit_Framework_TestCase->run()
#16 /Users/xpundel/Developing/Projects/Web/amberhouse/vendor/xpundel/facepalm/vendor/phpunit/phpunit/src/Framework/TestSuite.php(747): PHPUnit_Framework_TestSuite->run()
#17 /Users/xpundel/Developing/Projects/Web/amberhouse/vendor/xpundel/facepalm/vendor/phpunit/phpunit/src/TextUI/TestRunner.php(440): PHPUnit_Framework_TestSuite->run()
#18 /Users/xpundel/Developing/Projects/Web/amberhouse/vendor/xpundel/facepalm/vendor/phpunit/phpunit/src/TextUI/Command.php(149): PHPUnit_TextUI_TestRunner->doRun()
#19 /Users/xpundel/Developing/Projects/Web/amberhouse/vendor/xpundel/facepalm/vendor/phpunit/phpunit/src/TextUI/Command.php(100): PHPUnit_TextUI_Command->run()
#20 /Users/xpundel/Developing/Projects/Web/amberhouse/vendor/xpundel/facepalm/vendor/phpunit/phpunit/phpunit(47): PHPUnit_TextUI_Command::main()
#21 /Users/xpundel/Developing/Projects/Web/amberhouse/vendor/xpundel/facepalm/vendor/phpunit/phpunit/phpunit(0): {main}()
#22 {main}  
